Using pre-set license
Built from '2020.3/staging' branch; Version is '2020.3.3f1 (76626098c1c4) revision 7758432'; Using compiler version '192528614'; Build Type 'Release'
OS: 'Windows 10 Home; OS build 19042.928; Version 2009; 64bit' Language: 'nl' Physical Memory: 16261 MB
BatchMode: 1, IsHumanControllingUs: 0, StartBugReporterOnCrash: 0, Is64bit: 1, IsPro: 0

 COMMAND LINE ARGUMENTS:
D:\Unity\2020.3.3f1\Editor\Unity.exe
-adb2
-batchMode
-noUpm
-name
AssetImportWorker0
-projectPath
C:/Users/amyvo/Documents/GitHub/Project-Dark-Fantasy
-logFile
Logs/AssetImportWorker0.log
-srvPort
58351
Successfully changed project path to: C:/Users/amyvo/Documents/GitHub/Project-Dark-Fantasy
C:/Users/amyvo/Documents/GitHub/Project-Dark-Fantasy
Using Asset Import Pipeline V2.
Refreshing native plugins compatible for Editor in 44.77 ms, found 0 plugins.
Preloading 0 native plugins for Editor in 0.00 ms.
Initialize engine version: 2020.3.3f1 (76626098c1c4)
[Subsystems] Discovering subsystems at path D:/Unity/2020.3.3f1/Editor/Data/Resources/UnitySubsystems
[Subsystems] Discovering subsystems at path C:/Users/amyvo/Documents/GitHub/Project-Dark-Fantasy/Assets
GfxDevice: creating device client; threaded=0
Direct3D:
    Version:  Direct3D 11.0 [level 11.1]
    Renderer: NVIDIA GeForce RTX 2070 with Max-Q Design (ID=0x1f50)
    Vendor:   
    VRAM:     8031 MB
    Driver:   27.21.14.5763
Shader 'Universal Render Pipeline/Particles/Lit': fallback shader 'Universal Render Pipeline/Particles/SimpleLit' not found
Initialize mono
Mono path[0] = 'D:/Unity/2020.3.3f1/Editor/Data/Managed'
Mono path[1] = 'D:/Unity/2020.3.3f1/Editor/Data/MonoBleedingEdge/lib/mono/unityjit'
Mono config path = 'D:/Unity/2020.3.3f1/Editor/Data/MonoBleedingEdge/etc'
Using monoOptions --debugger-agent=transport=dt_socket,embedding=1,server=y,suspend=n,address=127.0.0.1:56848
Begin MonoManager ReloadAssembly
Registering precompiled unity dll's ...
Register platform support module: D:/Unity/2020.3.3f1/Editor/Data/PlaybackEngines/WindowsStandaloneSupport/UnityEditor.WindowsStandalone.Extensions.dll
Registered in 0.000941 seconds.
Native extension for WindowsStandalone target not found
Refreshing native plugins compatible for Editor in 42.55 ms, found 0 plugins.
Preloading 0 native plugins for Editor in 0.00 ms.
Invoked RoslynAnalysisRunner static constructor.
RoslynAnalysisRunner will not be running.
RoslynAnalysisRunner has terminated.
Mono: successfully reloaded assembly
- Completed reload, in  1.654 seconds
Platform modules already initialized, skipping
Registering precompiled user dll's ...
Registered in 0.001371 seconds.
Begin MonoManager ReloadAssembly
Native extension for WindowsStandalone target not found
Refreshing native plugins compatible for Editor in 45.36 ms, found 0 plugins.
Preloading 0 native plugins for Editor in 0.00 ms.
Invoked RoslynAnalysisRunner static constructor.
RoslynAnalysisRunner will not be running.
RoslynAnalysisRunner has terminated.
Mono: successfully reloaded assembly
- Completed reload, in  0.990 seconds
Platform modules already initialized, skipping
========================================================================
Worker process is ready to serve import requests
Shader 'Universal Render Pipeline/Particles/Lit': fallback shader 'Universal Render Pipeline/Particles/SimpleLit' not found
Launched and connected shader compiler UnityShaderCompiler.exe after 0.04 seconds
Refreshing native plugins compatible for Editor in 1.14 ms, found 0 plugins.
Preloading 0 native plugins for Editor in 0.00 ms.
Unloading 2572 Unused Serialized files (Serialized files now loaded: 0)
System memory in use before: 120.3 MB.
System memory in use after: 120.5 MB.

Unloading 11 unused Assets to reduce memory usage. Loaded Objects now: 3016.
Total: 2.922100 ms (FindLiveObjects: 0.355500 ms CreateObjectMapping: 0.198500 ms MarkObjects: 2.263800 ms  DeleteObjects: 0.102900 ms)

========================================================================
Received Import Request.
  path: Assets/Progr. Test Scene/Progr. Test Scene/Scripts/Flower System/FlowerSystem.cs
  artifactKey: Guid(e4e0b8decff34d84f8fcf9c149170157) Importer(815301076,1909f56bfc062723c751e8b465ee728b)
Start importing Assets/Progr. Test Scene/Progr. Test Scene/Scripts/Flower System/FlowerSystem.cs using Guid(e4e0b8decff34d84f8fcf9c149170157) Importer(815301076,1909f56bfc062723c751e8b465ee728b)  -> (artifact id: '66db899b4e745414b8ff2b0030e4f759') in 0.213350 seconds
  Import took 0.221956 seconds .

========================================================================
Received Prepare
Registering precompiled user dll's ...
Registered in 0.001245 seconds.
Begin MonoManager ReloadAssembly
Native extension for WindowsStandalone target not found
Refreshing native plugins compatible for Editor in 0.39 ms, found 0 plugins.
Preloading 0 native plugins for Editor in 0.00 ms.
Invoked RoslynAnalysisRunner static constructor.
RoslynAnalysisRunner will not be running.
RoslynAnalysisRunner has terminated.
Mono: successfully reloaded assembly
- Completed reload, in  0.816 seconds
Platform modules already initialized, skipping
Shader 'Universal Render Pipeline/Particles/Lit': fallback shader 'Universal Render Pipeline/Particles/SimpleLit' not found
Refreshing native plugins compatible for Editor in 0.38 ms, found 0 plugins.
Preloading 0 native plugins for Editor in 0.00 ms.
Unloading 2461 Unused Serialized files (Serialized files now loaded: 0)
System memory in use before: 113.3 MB.
System memory in use after: 113.5 MB.

Unloading 6 unused Assets to reduce memory usage. Loaded Objects now: 3019.
Total: 2.049700 ms (FindLiveObjects: 0.286100 ms CreateObjectMapping: 0.150600 ms MarkObjects: 1.590300 ms  DeleteObjects: 0.021300 ms)

========================================================================
Received Prepare
Registering precompiled user dll's ...
Registered in 0.001650 seconds.
Begin MonoManager ReloadAssembly
Native extension for WindowsStandalone target not found
Refreshing native plugins compatible for Editor in 0.40 ms, found 0 plugins.
Preloading 0 native plugins for Editor in 0.00 ms.
Invoked RoslynAnalysisRunner static constructor.
RoslynAnalysisRunner will not be running.
RoslynAnalysisRunner has terminated.
Mono: successfully reloaded assembly
- Completed reload, in  1.003 seconds
Platform modules already initialized, skipping
Shader 'Universal Render Pipeline/Particles/Lit': fallback shader 'Universal Render Pipeline/Particles/SimpleLit' not found
Refreshing native plugins compatible for Editor in 0.39 ms, found 0 plugins.
Preloading 0 native plugins for Editor in 0.00 ms.
Unloading 2461 Unused Serialized files (Serialized files now loaded: 0)
System memory in use before: 113.3 MB.
System memory in use after: 113.5 MB.

Unloading 6 unused Assets to reduce memory usage. Loaded Objects now: 3022.
Total: 2.106600 ms (FindLiveObjects: 0.249400 ms CreateObjectMapping: 0.106500 ms MarkObjects: 1.730200 ms  DeleteObjects: 0.019600 ms)

========================================================================
Received Prepare
Registering precompiled user dll's ...
Registered in 0.001251 seconds.
Begin MonoManager ReloadAssembly
Native extension for WindowsStandalone target not found
Refreshing native plugins compatible for Editor in 0.39 ms, found 0 plugins.
Preloading 0 native plugins for Editor in 0.00 ms.
Invoked RoslynAnalysisRunner static constructor.
RoslynAnalysisRunner will not be running.
RoslynAnalysisRunner has terminated.
Mono: successfully reloaded assembly
- Completed reload, in  0.821 seconds
Platform modules already initialized, skipping
Shader 'Universal Render Pipeline/Particles/Lit': fallback shader 'Universal Render Pipeline/Particles/SimpleLit' not found
Refreshing native plugins compatible for Editor in 0.38 ms, found 0 plugins.
Preloading 0 native plugins for Editor in 0.00 ms.
Unloading 2461 Unused Serialized files (Serialized files now loaded: 0)
System memory in use before: 113.3 MB.
System memory in use after: 113.6 MB.

Unloading 6 unused Assets to reduce memory usage. Loaded Objects now: 3025.
Total: 2.688800 ms (FindLiveObjects: 0.254100 ms CreateObjectMapping: 0.101900 ms MarkObjects: 2.304600 ms  DeleteObjects: 0.027200 ms)

========================================================================
Received Import Request.
  Time since last request: 2229.205410 seconds.
  path: Assets/Progr. Test Scene/Progr. Test Scene/Scripts/Movement/Movement.cs
  artifactKey: Guid(caa43221d5477da4e914171495e25bf0) Importer(815301076,1909f56bfc062723c751e8b465ee728b)
Start importing Assets/Progr. Test Scene/Progr. Test Scene/Scripts/Movement/Movement.cs using Guid(caa43221d5477da4e914171495e25bf0) Importer(815301076,1909f56bfc062723c751e8b465ee728b)  -> (artifact id: 'b5aa0606ad860661e17966d88a9c05e3') in 0.007804 seconds
  Import took 0.011749 seconds .

========================================================================
Received Prepare
Registering precompiled user dll's ...
Registered in 0.001254 seconds.
Begin MonoManager ReloadAssembly
Native extension for WindowsStandalone target not found
Refreshing native plugins compatible for Editor in 0.40 ms, found 0 plugins.
Preloading 0 native plugins for Editor in 0.00 ms.
Invoked RoslynAnalysisRunner static constructor.
RoslynAnalysisRunner will not be running.
RoslynAnalysisRunner has terminated.
Mono: successfully reloaded assembly
- Completed reload, in  0.817 seconds
Platform modules already initialized, skipping
Shader 'Universal Render Pipeline/Particles/Lit': fallback shader 'Universal Render Pipeline/Particles/SimpleLit' not found
Refreshing native plugins compatible for Editor in 0.39 ms, found 0 plugins.
Preloading 0 native plugins for Editor in 0.00 ms.
Unloading 2461 Unused Serialized files (Serialized files now loaded: 0)
System memory in use before: 113.4 MB.
System memory in use after: 113.6 MB.

Unloading 6 unused Assets to reduce memory usage. Loaded Objects now: 3028.
Total: 2.229600 ms (FindLiveObjects: 0.239200 ms CreateObjectMapping: 0.105300 ms MarkObjects: 1.867800 ms  DeleteObjects: 0.016400 ms)

========================================================================
Received Prepare
Registering precompiled user dll's ...
Registered in 0.001240 seconds.
Begin MonoManager ReloadAssembly
Native extension for WindowsStandalone target not found
Refreshing native plugins compatible for Editor in 0.38 ms, found 0 plugins.
Preloading 0 native plugins for Editor in 0.00 ms.
Invoked RoslynAnalysisRunner static constructor.
RoslynAnalysisRunner will not be running.
RoslynAnalysisRunner has terminated.
Mono: successfully reloaded assembly
- Completed reload, in  0.817 seconds
Platform modules already initialized, skipping
Shader 'Universal Render Pipeline/Particles/Lit': fallback shader 'Universal Render Pipeline/Particles/SimpleLit' not found
Refreshing native plugins compatible for Editor in 0.42 ms, found 0 plugins.
Preloading 0 native plugins for Editor in 0.00 ms.
Unloading 2461 Unused Serialized files (Serialized files now loaded: 0)
System memory in use before: 113.3 MB.
System memory in use after: 113.5 MB.

Unloading 6 unused Assets to reduce memory usage. Loaded Objects now: 3031.
Total: 2.027400 ms (FindLiveObjects: 0.233400 ms CreateObjectMapping: 0.092200 ms MarkObjects: 1.681300 ms  DeleteObjects: 0.019500 ms)

========================================================================
Received Prepare
Registering precompiled user dll's ...
Registered in 0.001273 seconds.
Begin MonoManager ReloadAssembly
Native extension for WindowsStandalone target not found
Refreshing native plugins compatible for Editor in 0.38 ms, found 0 plugins.
Preloading 0 native plugins for Editor in 0.00 ms.
Invoked RoslynAnalysisRunner static constructor.
RoslynAnalysisRunner will not be running.
RoslynAnalysisRunner has terminated.
Mono: successfully reloaded assembly
- Completed reload, in  0.802 seconds
Platform modules already initialized, skipping
Shader 'Universal Render Pipeline/Particles/Lit': fallback shader 'Universal Render Pipeline/Particles/SimpleLit' not found
Refreshing native plugins compatible for Editor in 0.39 ms, found 0 plugins.
Preloading 0 native plugins for Editor in 0.00 ms.
Unloading 2461 Unused Serialized files (Serialized files now loaded: 0)
System memory in use before: 113.4 MB.
System memory in use after: 113.6 MB.

Unloading 6 unused Assets to reduce memory usage. Loaded Objects now: 3034.
Total: 2.301900 ms (FindLiveObjects: 0.283100 ms CreateObjectMapping: 0.154300 ms MarkObjects: 1.843800 ms  DeleteObjects: 0.019300 ms)

========================================================================
Received Prepare
Registering precompiled user dll's ...
Registered in 0.001401 seconds.
Begin MonoManager ReloadAssembly
Native extension for WindowsStandalone target not found
Refreshing native plugins compatible for Editor in 0.40 ms, found 0 plugins.
Preloading 0 native plugins for Editor in 0.00 ms.
Invoked RoslynAnalysisRunner static constructor.
RoslynAnalysisRunner will not be running.
RoslynAnalysisRunner has terminated.
Mono: successfully reloaded assembly
- Completed reload, in  0.816 seconds
Platform modules already initialized, skipping
Shader 'Universal Render Pipeline/Particles/Lit': fallback shader 'Universal Render Pipeline/Particles/SimpleLit' not found
Refreshing native plugins compatible for Editor in 0.39 ms, found 0 plugins.
Preloading 0 native plugins for Editor in 0.00 ms.
Unloading 2461 Unused Serialized files (Serialized files now loaded: 0)
System memory in use before: 113.4 MB.
System memory in use after: 113.6 MB.

Unloading 6 unused Assets to reduce memory usage. Loaded Objects now: 3037.
Total: 2.222500 ms (FindLiveObjects: 0.292200 ms CreateObjectMapping: 0.143600 ms MarkObjects: 1.764700 ms  DeleteObjects: 0.020400 ms)

========================================================================
Received Prepare
Registering precompiled user dll's ...
Registered in 0.001262 seconds.
Begin MonoManager ReloadAssembly
Native extension for WindowsStandalone target not found
Refreshing native plugins compatible for Editor in 0.41 ms, found 0 plugins.
Preloading 0 native plugins for Editor in 0.00 ms.
Invoked RoslynAnalysisRunner static constructor.
RoslynAnalysisRunner will not be running.
RoslynAnalysisRunner has terminated.
Mono: successfully reloaded assembly
- Completed reload, in  0.843 seconds
Platform modules already initialized, skipping
Shader 'Universal Render Pipeline/Particles/Lit': fallback shader 'Universal Render Pipeline/Particles/SimpleLit' not found
Refreshing native plugins compatible for Editor in 0.41 ms, found 0 plugins.
Preloading 0 native plugins for Editor in 0.00 ms.
Unloading 2461 Unused Serialized files (Serialized files now loaded: 0)
System memory in use before: 113.4 MB.
System memory in use after: 113.6 MB.

Unloading 6 unused Assets to reduce memory usage. Loaded Objects now: 3040.
Total: 2.586000 ms (FindLiveObjects: 0.459900 ms CreateObjectMapping: 0.226600 ms MarkObjects: 1.865300 ms  DeleteObjects: 0.032100 ms)

========================================================================
Received Prepare
Registering precompiled user dll's ...
Registered in 0.001250 seconds.
Begin MonoManager ReloadAssembly
Native extension for WindowsStandalone target not found
Refreshing native plugins compatible for Editor in 0.39 ms, found 0 plugins.
Preloading 0 native plugins for Editor in 0.00 ms.
Invoked RoslynAnalysisRunner static constructor.
RoslynAnalysisRunner will not be running.
RoslynAnalysisRunner has terminated.
Mono: successfully reloaded assembly
- Completed reload, in  0.800 seconds
Platform modules already initialized, skipping
Shader 'Universal Render Pipeline/Particles/Lit': fallback shader 'Universal Render Pipeline/Particles/SimpleLit' not found
Refreshing native plugins compatible for Editor in 0.39 ms, found 0 plugins.
Preloading 0 native plugins for Editor in 0.00 ms.
Unloading 2461 Unused Serialized files (Serialized files now loaded: 0)
System memory in use before: 113.4 MB.
System memory in use after: 113.6 MB.

Unloading 6 unused Assets to reduce memory usage. Loaded Objects now: 3043.
Total: 2.727700 ms (FindLiveObjects: 0.246700 ms CreateObjectMapping: 0.119400 ms MarkObjects: 2.339300 ms  DeleteObjects: 0.021300 ms)

========================================================================
Received Import Request.
  Time since last request: 1095.820422 seconds.
  path: Assets/Main menu/main.unity
  artifactKey: Guid(23f09b8f48204c74ba2f6ad50bf336ff) Importer(815301076,1909f56bfc062723c751e8b465ee728b)
Start importing Assets/Main menu/main.unity using Guid(23f09b8f48204c74ba2f6ad50bf336ff) Importer(815301076,1909f56bfc062723c751e8b465ee728b)  -> (artifact id: 'f24ca045581d7b212eed651d2b30a401') in 0.026470 seconds
  Import took 0.031580 seconds .

========================================================================
Received Import Request.
  Time since last request: 128.366412 seconds.
  path: Assets/Main menu/main menu
  artifactKey: Guid(7bb40a91ba3f2ae45910465aec30422a) Importer(815301076,1909f56bfc062723c751e8b465ee728b)
Start importing Assets/Main menu/main menu using Guid(7bb40a91ba3f2ae45910465aec30422a) Importer(815301076,1909f56bfc062723c751e8b465ee728b)  -> (artifact id: '11a89aea9c658ebbdfdc040b2033cfc9') in 0.006124 seconds
  Import took 0.018455 seconds .

========================================================================
Received Import Request.
  Time since last request: 0.768906 seconds.
  path: Assets/Main menu/main menu/LightingData.asset
  artifactKey: Guid(2b82a421e228366459b9ba20ff38ef53) Importer(815301076,1909f56bfc062723c751e8b465ee728b)
Start importing Assets/Main menu/main menu/LightingData.asset using Guid(2b82a421e228366459b9ba20ff38ef53) Importer(815301076,1909f56bfc062723c751e8b465ee728b)  -> (artifact id: 'ceac4102181af8d43564159cbd16f637') in 0.013430 seconds
  Import took 0.017139 seconds .

========================================================================
Received Import Request.
  Time since last request: 0.000225 seconds.
  path: Assets/Main menu/main menu/ReflectionProbe-0.exr
  artifactKey: Guid(64861f22d43c200428f025be430e6740) Importer(815301076,1909f56bfc062723c751e8b465ee728b)
Start importing Assets/Main menu/main menu/ReflectionProbe-0.exr using Guid(64861f22d43c200428f025be430e6740) Importer(815301076,1909f56bfc062723c751e8b465ee728b)  -> (artifact id: 'eb12ee6d00c80e9699192b4b08b376a6') in 0.404115 seconds
  Import took 0.407696 seconds .

========================================================================
Received Import Request.
  Time since last request: 109.677370 seconds.
  path: Assets/Progr. Test Scene/Progr. Test Scene.unity
  artifactKey: Guid(834d28b4fe3ccc6449aab9492d3403ab) Importer(815301076,1909f56bfc062723c751e8b465ee728b)
Start importing Assets/Progr. Test Scene/Progr. Test Scene.unity using Guid(834d28b4fe3ccc6449aab9492d3403ab) Importer(815301076,1909f56bfc062723c751e8b465ee728b)  -> (artifact id: '5a54c48d35fe43e9ff9223e54d276a82') in 0.007797 seconds
  Import took 0.012997 seconds .

========================================================================
Received Import Request.
  Time since last request: 0.000959 seconds.
  path: Assets/Progr. Test Scene/Progr. Test Scene.unity
  artifactKey: Guid(834d28b4fe3ccc6449aab9492d3403ab) Importer(815301076,1909f56bfc062723c751e8b465ee728b)
Start importing Assets/Progr. Test Scene/Progr. Test Scene.unity using Guid(834d28b4fe3ccc6449aab9492d3403ab) Importer(815301076,1909f56bfc062723c751e8b465ee728b)  -> (artifact id: '5a54c48d35fe43e9ff9223e54d276a82') in 0.003138 seconds
  Import took 0.007780 seconds .

========================================================================
Received Prepare
Registering precompiled user dll's ...
Registered in 0.001637 seconds.
Begin MonoManager ReloadAssembly
Native extension for WindowsStandalone target not found
Refreshing native plugins compatible for Editor in 0.41 ms, found 0 plugins.
Preloading 0 native plugins for Editor in 0.00 ms.
Invoked RoslynAnalysisRunner static constructor.
RoslynAnalysisRunner will not be running.
RoslynAnalysisRunner has terminated.
Mono: successfully reloaded assembly
- Completed reload, in  0.941 seconds
Platform modules already initialized, skipping
Shader 'Universal Render Pipeline/Particles/Lit': fallback shader 'Universal Render Pipeline/Particles/SimpleLit' not found
Refreshing native plugins compatible for Editor in 0.38 ms, found 0 plugins.
Preloading 0 native plugins for Editor in 0.00 ms.
Unloading 2461 Unused Serialized files (Serialized files now loaded: 0)
System memory in use before: 116.5 MB.
System memory in use after: 116.7 MB.

Unloading 6 unused Assets to reduce memory usage. Loaded Objects now: 3078.
Total: 2.048200 ms (FindLiveObjects: 0.228100 ms CreateObjectMapping: 0.112200 ms MarkObjects: 1.689500 ms  DeleteObjects: 0.017800 ms)

========================================================================
Received Prepare
Registering precompiled user dll's ...
Registered in 0.001254 seconds.
Begin MonoManager ReloadAssembly
Native extension for WindowsStandalone target not found
Refreshing native plugins compatible for Editor in 0.38 ms, found 0 plugins.
Preloading 0 native plugins for Editor in 0.00 ms.
Invoked RoslynAnalysisRunner static constructor.
RoslynAnalysisRunner will not be running.
RoslynAnalysisRunner has terminated.
Mono: successfully reloaded assembly
- Completed reload, in  0.784 seconds
Platform modules already initialized, skipping
Shader 'Universal Render Pipeline/Particles/Lit': fallback shader 'Universal Render Pipeline/Particles/SimpleLit' not found
Refreshing native plugins compatible for Editor in 0.39 ms, found 0 plugins.
Preloading 0 native plugins for Editor in 0.00 ms.
Unloading 2461 Unused Serialized files (Serialized files now loaded: 0)
System memory in use before: 116.6 MB.
System memory in use after: 116.8 MB.

Unloading 6 unused Assets to reduce memory usage. Loaded Objects now: 3081.
Total: 2.531100 ms (FindLiveObjects: 0.473200 ms CreateObjectMapping: 0.193600 ms MarkObjects: 1.842800 ms  DeleteObjects: 0.020300 ms)

AssetImportWorkerClient::OnTransportError - code=2 error=End of file
