Using pre-set license
Built from '2020.3/staging' branch; Version is '2020.3.3f1 (76626098c1c4) revision 7758432'; Using compiler version '192528614'; Build Type 'Release'
OS: 'Windows 10 Home; OS build 19042.928; Version 2009; 64bit' Language: 'en' Physical Memory: 16222 MB
BatchMode: 1, IsHumanControllingUs: 0, StartBugReporterOnCrash: 0, Is64bit: 1, IsPro: 0

 COMMAND LINE ARGUMENTS:
C:\Program Files\Unity\Hub\Editor\2020.3.3f1\Editor\Unity.exe
-adb2
-batchMode
-noUpm
-name
AssetImportWorker0
-projectPath
C:/Users/warne/Documents/GitHub/Project-Dark-Fantasy
-logFile
Logs/AssetImportWorker0.log
-srvPort
64615
Successfully changed project path to: C:/Users/warne/Documents/GitHub/Project-Dark-Fantasy
C:/Users/warne/Documents/GitHub/Project-Dark-Fantasy
Using Asset Import Pipeline V2.
Refreshing native plugins compatible for Editor in 42.98 ms, found 0 plugins.
Preloading 0 native plugins for Editor in 0.00 ms.
Initialize engine version: 2020.3.3f1 (76626098c1c4)
[Subsystems] Discovering subsystems at path C:/Program Files/Unity/Hub/Editor/2020.3.3f1/Editor/Data/Resources/UnitySubsystems
[Subsystems] Discovering subsystems at path C:/Users/warne/Documents/GitHub/Project-Dark-Fantasy/Assets
GfxDevice: creating device client; threaded=0
Direct3D:
    Version:  Direct3D 11.0 [level 11.1]
    Renderer: NVIDIA GeForce RTX 2080 Super (ID=0x1ed3)
    Vendor:   
    VRAM:     8010 MB
    Driver:   27.21.14.6611
Shader 'Universal Render Pipeline/Particles/Lit': fallback shader 'Universal Render Pipeline/Particles/SimpleLit' not found
Initialize mono
Mono path[0] = 'C:/Program Files/Unity/Hub/Editor/2020.3.3f1/Editor/Data/Managed'
Mono path[1] = 'C:/Program Files/Unity/Hub/Editor/2020.3.3f1/Editor/Data/MonoBleedingEdge/lib/mono/unityjit'
Mono config path = 'C:/Program Files/Unity/Hub/Editor/2020.3.3f1/Editor/Data/MonoBleedingEdge/etc'
Using monoOptions --debugger-agent=transport=dt_socket,embedding=1,server=y,suspend=n,address=127.0.0.1:56412
Begin MonoManager ReloadAssembly
Registering precompiled unity dll's ...
Register platform support module: C:/Program Files/Unity/Hub/Editor/2020.3.3f1/Editor/Data/PlaybackEngines/WindowsStandaloneSupport/UnityEditor.WindowsStandalone.Extensions.dll
Registered in 0.001727 seconds.
Native extension for WindowsStandalone target not found
Refreshing native plugins compatible for Editor in 44.28 ms, found 0 plugins.
Preloading 0 native plugins for Editor in 0.00 ms.
Invoked RoslynAnalysisRunner static constructor.
RoslynAnalysisRunner will not be running.
RoslynAnalysisRunner has terminated.
Mono: successfully reloaded assembly
- Completed reload, in  0.932 seconds
Platform modules already initialized, skipping
Registering precompiled user dll's ...
Registered in 0.001085 seconds.
Begin MonoManager ReloadAssembly
Native extension for WindowsStandalone target not found
Refreshing native plugins compatible for Editor in 43.48 ms, found 0 plugins.
Preloading 0 native plugins for Editor in 0.00 ms.
Invoked RoslynAnalysisRunner static constructor.
RoslynAnalysisRunner will not be running.
RoslynAnalysisRunner has terminated.
Mono: successfully reloaded assembly
- Completed reload, in  0.938 seconds
Platform modules already initialized, skipping
========================================================================
Worker process is ready to serve import requests
Shader 'Universal Render Pipeline/Particles/Lit': fallback shader 'Universal Render Pipeline/Particles/SimpleLit' not found
Launched and connected shader compiler UnityShaderCompiler.exe after 0.03 seconds
Refreshing native plugins compatible for Editor in 0.48 ms, found 0 plugins.
Preloading 0 native plugins for Editor in 0.00 ms.
Unloading 2571 Unused Serialized files (Serialized files now loaded: 0)
System memory in use before: 125.2 MB.
System memory in use after: 125.3 MB.

Unloading 11 unused Assets to reduce memory usage. Loaded Objects now: 3025.
Total: 2.536500 ms (FindLiveObjects: 0.271900 ms CreateObjectMapping: 0.145500 ms MarkObjects: 1.983900 ms  DeleteObjects: 0.134000 ms)

========================================================================
Received Import Request.
  path: Assets/URP stuff
  artifactKey: Guid(3c337f38a8a26454c8eb75dd0def96ec) Importer(815301076,1909f56bfc062723c751e8b465ee728b)
Start importing Assets/URP stuff using Guid(3c337f38a8a26454c8eb75dd0def96ec) Importer(815301076,1909f56bfc062723c751e8b465ee728b)  -> (artifact id: 'fbcceb7d977f9883a5d5ed20dd746b70') in 0.010597 seconds
  Import took 0.014286 seconds .

========================================================================
Received Import Request.
  Time since last request: 2.009818 seconds.
  path: Assets/URP stuff/Model
  artifactKey: Guid(56ce83da91285544ca57c0a417f9f5a7) Importer(815301076,1909f56bfc062723c751e8b465ee728b)
Start importing Assets/URP stuff/Model using Guid(56ce83da91285544ca57c0a417f9f5a7) Importer(815301076,1909f56bfc062723c751e8b465ee728b)  -> (artifact id: '9bdf1e83bb6364e933279aecb93f39f2') in 0.006352 seconds
  Import took 0.009645 seconds .

========================================================================
Received Import Request.
  Time since last request: 0.005619 seconds.
  path: Assets/URP stuff/Model
  artifactKey: Guid(56ce83da91285544ca57c0a417f9f5a7) Importer(815301076,1909f56bfc062723c751e8b465ee728b)
Start importing Assets/URP stuff/Model using Guid(56ce83da91285544ca57c0a417f9f5a7) Importer(815301076,1909f56bfc062723c751e8b465ee728b)  -> (artifact id: '9bdf1e83bb6364e933279aecb93f39f2') in 0.001818 seconds
  Import took 0.005668 seconds .

========================================================================
Received Import Request.
  Time since last request: 20.174110 seconds.
  path: Assets/URP stuff/Model/TreeTest2.fbx
  artifactKey: Guid(3b659413919402a4eaa5feb0f95b3f7e) Importer(815301076,1909f56bfc062723c751e8b465ee728b)
Start importing Assets/URP stuff/Model/TreeTest2.fbx using Guid(3b659413919402a4eaa5feb0f95b3f7e) Importer(815301076,1909f56bfc062723c751e8b465ee728b)  -> (artifact id: '95cef8c2d704dc93125806731d1d353c') in 0.251929 seconds
  Import took 0.255973 seconds .

========================================================================
Received Import Request.
  Time since last request: 2.894196 seconds.
  path: Assets/URP stuff/Model/Leaves.png
  artifactKey: Guid(715983939473b2d47bc6f03866f85806) Importer(815301076,1909f56bfc062723c751e8b465ee728b)
Start importing Assets/URP stuff/Model/Leaves.png using Guid(715983939473b2d47bc6f03866f85806) Importer(815301076,1909f56bfc062723c751e8b465ee728b)  -> (artifact id: '341ca63103a192608b4d4694224664c9') in 0.017789 seconds
  Import took 0.021385 seconds .

========================================================================
Received Import Request.
  Time since last request: 7.196141 seconds.
  path: Assets/URP stuff/Model/Bark.mat
  artifactKey: Guid(818bb4782329eac41ab05526ed1c172d) Importer(815301076,1909f56bfc062723c751e8b465ee728b)
Start importing Assets/URP stuff/Model/Bark.mat using Guid(818bb4782329eac41ab05526ed1c172d) Importer(815301076,1909f56bfc062723c751e8b465ee728b)  -> (artifact id: '49eebbed4987e48c7145fc214966d519') in 0.011203 seconds
  Import took 0.015393 seconds .

========================================================================
Received Import Request.
  Time since last request: 0.000147 seconds.
  path: Assets/URP stuff/Model/TreeTest2.fbx
  artifactKey: Guid(3b659413919402a4eaa5feb0f95b3f7e) Importer(815301076,1909f56bfc062723c751e8b465ee728b)
Start importing Assets/URP stuff/Model/TreeTest2.fbx using Guid(3b659413919402a4eaa5feb0f95b3f7e) Importer(815301076,1909f56bfc062723c751e8b465ee728b)  -> (artifact id: 'd2368669c5d4d551d50046f80bae8b87') in 0.022540 seconds
  Import took 0.026441 seconds .

========================================================================
Received Import Request.
  Time since last request: 0.000135 seconds.
  path: Assets/URP stuff/Model/Leaves.mat
  artifactKey: Guid(c330c35d4c62a484ab4bc110faa62435) Importer(815301076,1909f56bfc062723c751e8b465ee728b)
Start importing Assets/URP stuff/Model/Leaves.mat using Guid(c330c35d4c62a484ab4bc110faa62435) Importer(815301076,1909f56bfc062723c751e8b465ee728b)  -> (artifact id: 'd27df63236a98ebdb93b3f0c223831c9') in 0.006273 seconds
  Import took 0.009708 seconds .

========================================================================
Received Import Request.
  Time since last request: 0.000130 seconds.
  path: Assets/URP stuff/Model/TreeTest2.fbx
  artifactKey: Guid(3b659413919402a4eaa5feb0f95b3f7e) Importer(815301076,1909f56bfc062723c751e8b465ee728b)
Start importing Assets/URP stuff/Model/TreeTest2.fbx using Guid(3b659413919402a4eaa5feb0f95b3f7e) Importer(815301076,1909f56bfc062723c751e8b465ee728b)  -> (artifact id: 'd2368669c5d4d551d50046f80bae8b87') in 0.026498 seconds
  Import took 0.030388 seconds .

========================================================================
Received Prepare
Registering precompiled user dll's ...
Registered in 0.001122 seconds.
Begin MonoManager ReloadAssembly
Native extension for WindowsStandalone target not found
Refreshing native plugins compatible for Editor in 0.42 ms, found 0 plugins.
Preloading 0 native plugins for Editor in 0.00 ms.
Invoked RoslynAnalysisRunner static constructor.
RoslynAnalysisRunner will not be running.
RoslynAnalysisRunner has terminated.
Mono: successfully reloaded assembly
- Completed reload, in  0.850 seconds
Platform modules already initialized, skipping
Shader 'Universal Render Pipeline/Particles/Lit': fallback shader 'Universal Render Pipeline/Particles/SimpleLit' not found
Refreshing native plugins compatible for Editor in 0.36 ms, found 0 plugins.
Preloading 0 native plugins for Editor in 0.00 ms.
Unloading 2460 Unused Serialized files (Serialized files now loaded: 0)
System memory in use before: 123.7 MB.
System memory in use after: 123.9 MB.

Unloading 6 unused Assets to reduce memory usage. Loaded Objects now: 3111.
Total: 2.689400 ms (FindLiveObjects: 0.350300 ms CreateObjectMapping: 0.145800 ms MarkObjects: 2.173900 ms  DeleteObjects: 0.018100 ms)

========================================================================
Received Import Request.
  Time since last request: 184.884712 seconds.
  path: Assets/URP stuff/Model/Leaves.mat
  artifactKey: Guid(c330c35d4c62a484ab4bc110faa62435) Importer(815301076,1909f56bfc062723c751e8b465ee728b)
Start importing Assets/URP stuff/Model/Leaves.mat using Guid(c330c35d4c62a484ab4bc110faa62435) Importer(815301076,1909f56bfc062723c751e8b465ee728b)  -> (artifact id: '523591b58aa5f0de55878a0b9b6ee94d') in 0.157027 seconds
  Import took 0.160843 seconds .

========================================================================
Received Import Request.
  Time since last request: 0.000156 seconds.
  path: Assets/URP stuff/Model/Bark.mat
  artifactKey: Guid(818bb4782329eac41ab05526ed1c172d) Importer(815301076,1909f56bfc062723c751e8b465ee728b)
Start importing Assets/URP stuff/Model/Bark.mat using Guid(818bb4782329eac41ab05526ed1c172d) Importer(815301076,1909f56bfc062723c751e8b465ee728b)  -> (artifact id: '57a5912bb748b56f4ffec92c913ce048') in 0.010734 seconds
  Import took 0.014674 seconds .

AssetImportWorkerClient::OnTransportError - code=2 error=End of file
