Using pre-set license
Built from '2020.3/staging' branch; Version is '2020.3.3f1 (76626098c1c4) revision 7758432'; Using compiler version '192528614'; Build Type 'Release'
OS: 'Windows 10 Pro; OS build 19042.928; Version 2009; 64bit' Language: 'en' Physical Memory: 16315 MB
BatchMode: 1, IsHumanControllingUs: 0, StartBugReporterOnCrash: 0, Is64bit: 1, IsPro: 0

 COMMAND LINE ARGUMENTS:
F:\Unity\2020.3.3f1\Editor\Unity.exe
-adb2
-batchMode
-noUpm
-name
AssetImportWorker1
-projectPath
G:/Project 4/Project-Dark-Fantasy
-logFile
Logs/AssetImportWorker1.log
-srvPort
59419
Successfully changed project path to: G:/Project 4/Project-Dark-Fantasy
G:/Project 4/Project-Dark-Fantasy
Using Asset Import Pipeline V2.
Refreshing native plugins compatible for Editor in 49.47 ms, found 0 plugins.
Preloading 0 native plugins for Editor in 0.00 ms.
Initialize engine version: 2020.3.3f1 (76626098c1c4)
[Subsystems] Discovering subsystems at path F:/Unity/2020.3.3f1/Editor/Data/Resources/UnitySubsystems
[Subsystems] Discovering subsystems at path G:/Project 4/Project-Dark-Fantasy/Assets
GfxDevice: creating device client; threaded=0
Direct3D:
    Version:  Direct3D 11.0 [level 11.1]
    Renderer: NVIDIA GeForce RTX 3090 (ID=0x2204)
    Vendor:   
    VRAM:     24348 MB
    Driver:   27.21.14.5671
Shader 'Universal Render Pipeline/Particles/Lit': fallback shader 'Universal Render Pipeline/Particles/SimpleLit' not found
Initialize mono
Mono path[0] = 'F:/Unity/2020.3.3f1/Editor/Data/Managed'
Mono path[1] = 'F:/Unity/2020.3.3f1/Editor/Data/MonoBleedingEdge/lib/mono/unityjit'
Mono config path = 'F:/Unity/2020.3.3f1/Editor/Data/MonoBleedingEdge/etc'
Using monoOptions --debugger-agent=transport=dt_socket,embedding=1,server=y,suspend=n,address=127.0.0.1:56548
Begin MonoManager ReloadAssembly
Registering precompiled unity dll's ...
Register platform support module: F:/Unity/2020.3.3f1/Editor/Data/PlaybackEngines/WindowsStandaloneSupport/UnityEditor.WindowsStandalone.Extensions.dll
Registered in 0.001691 seconds.
Native extension for WindowsStandalone target not found
Refreshing native plugins compatible for Editor in 50.43 ms, found 0 plugins.
Preloading 0 native plugins for Editor in 0.00 ms.
Invoked RoslynAnalysisRunner static constructor.
RoslynAnalysisRunner will not be running.
RoslynAnalysisRunner has terminated.
Mono: successfully reloaded assembly
- Completed reload, in  1.388 seconds
Platform modules already initialized, skipping
Registering precompiled user dll's ...
Registered in 0.001588 seconds.
Begin MonoManager ReloadAssembly
Native extension for WindowsStandalone target not found
Refreshing native plugins compatible for Editor in 52.75 ms, found 0 plugins.
Preloading 0 native plugins for Editor in 0.00 ms.
Invoked RoslynAnalysisRunner static constructor.
RoslynAnalysisRunner will not be running.
RoslynAnalysisRunner has terminated.
Mono: successfully reloaded assembly
- Completed reload, in  1.643 seconds
Platform modules already initialized, skipping
========================================================================
Worker process is ready to serve import requests
Shader 'Universal Render Pipeline/Particles/Lit': fallback shader 'Universal Render Pipeline/Particles/SimpleLit' not found
Launched and connected shader compiler UnityShaderCompiler.exe after 0.11 seconds
Refreshing native plugins compatible for Editor in 0.50 ms, found 0 plugins.
Preloading 0 native plugins for Editor in 0.00 ms.
Unloading 2573 Unused Serialized files (Serialized files now loaded: 0)
System memory in use before: 119.5 MB.
System memory in use after: 119.7 MB.

Unloading 11 unused Assets to reduce memory usage. Loaded Objects now: 3017.
Total: 2.839200 ms (FindLiveObjects: 0.570900 ms CreateObjectMapping: 0.297200 ms MarkObjects: 1.886400 ms  DeleteObjects: 0.083600 ms)

========================================================================
Received Import Request.
  path: Assets/Main menu/main menu/LightingData.asset
  artifactKey: Guid(2b82a421e228366459b9ba20ff38ef53) Importer(815301076,1909f56bfc062723c751e8b465ee728b)
Start importing Assets/Main menu/main menu/LightingData.asset using Guid(2b82a421e228366459b9ba20ff38ef53) Importer(815301076,1909f56bfc062723c751e8b465ee728b)  -> (artifact id: '66496f990c9034c267a05430da183ada') in 0.262408 seconds
  Import took 0.294212 seconds .

========================================================================
Received Import Request.
  Time since last request: 0.000212 seconds.
  path: Assets/Main menu/main menu/ReflectionProbe-0.exr
  artifactKey: Guid(64861f22d43c200428f025be430e6740) Importer(815301076,1909f56bfc062723c751e8b465ee728b)
Start importing Assets/Main menu/main menu/ReflectionProbe-0.exr using Guid(64861f22d43c200428f025be430e6740) Importer(815301076,1909f56bfc062723c751e8b465ee728b)  -> (artifact id: '2645c15918921f1cbf05d6ce62b1c7ab') in 0.479600 seconds
  Import took 0.504331 seconds .

========================================================================
Received Import Request.
  Time since last request: 0.000203 seconds.
  path: Assets/Main menu/main menu/Untitled-1.png
  artifactKey: Guid(bd36cb2e05edb0c488cc699f661d4601) Importer(815301076,1909f56bfc062723c751e8b465ee728b)
Start importing Assets/Main menu/main menu/Untitled-1.png using Guid(bd36cb2e05edb0c488cc699f661d4601) Importer(815301076,1909f56bfc062723c751e8b465ee728b)  -> (artifact id: '696900e68011725fd96d3ce6c6dcab41') in 0.083642 seconds
  Import took 0.102746 seconds .

========================================================================
Received Import Request.
  Time since last request: 228.907839 seconds.
  path: Assets/Main menu
  artifactKey: Guid(aae4a925033f05241997f01a6cc608a6) Importer(815301076,1909f56bfc062723c751e8b465ee728b)
Start importing Assets/Main menu using Guid(aae4a925033f05241997f01a6cc608a6) Importer(815301076,1909f56bfc062723c751e8b465ee728b)  -> (artifact id: '2309fd2d94cb6ea21f71b94dc2c9d952') in 0.006739 seconds
  Import took 0.010922 seconds .

========================================================================
Received Import Request.
  Time since last request: 27.504941 seconds.
  path: Assets/Main menu/IMMORTAL.ttf
  artifactKey: Guid(0ba32bc097013f44fb95c7451927541b) Importer(815301076,1909f56bfc062723c751e8b465ee728b)
Start importing Assets/Main menu/IMMORTAL.ttf using Guid(0ba32bc097013f44fb95c7451927541b) Importer(815301076,1909f56bfc062723c751e8b465ee728b)  -> (artifact id: 'ce13aca2dc169a7558cd6a37bd4d4ea6') in 0.324748 seconds
  Import took 0.346150 seconds .

========================================================================
Received Import Request.
  Time since last request: 0.000179 seconds.
  path: Assets/Main menu/IMMRTLT_.ttf
  artifactKey: Guid(13a51f5d6e5e1194d901d3117124142c) Importer(815301076,1909f56bfc062723c751e8b465ee728b)
Start importing Assets/Main menu/IMMRTLT_.ttf using Guid(13a51f5d6e5e1194d901d3117124142c) Importer(815301076,1909f56bfc062723c751e8b465ee728b)  -> (artifact id: '0e710d104fcd94f945db12ac37491099') in 0.026954 seconds
  Import took 0.032801 seconds .

========================================================================
Received Import Request.
  Time since last request: 1062.604033 seconds.
  path: Assets/lineeeeeeee.png
  artifactKey: Guid(3fc1085ae9d53524985a38e018553816) Importer(815301076,1909f56bfc062723c751e8b465ee728b)
Start importing Assets/lineeeeeeee.png using Guid(3fc1085ae9d53524985a38e018553816) Importer(815301076,1909f56bfc062723c751e8b465ee728b)  -> (artifact id: '8b69e886724e8cdc8f8a528d741193e7') in 0.049202 seconds
  Import took 0.059259 seconds .

========================================================================
Received Import Request.
  Time since last request: 189.970609 seconds.
  path: Assets/Main menu/Mouse hover.cs
  artifactKey: Guid(92b240a886103b64e9bf307f2fb15379) Importer(815301076,1909f56bfc062723c751e8b465ee728b)
Start importing Assets/Main menu/Mouse hover.cs using Guid(92b240a886103b64e9bf307f2fb15379) Importer(815301076,1909f56bfc062723c751e8b465ee728b)  -> (artifact id: 'f3edec3078b9f1e92b79a41f64a9fa33') in 0.012096 seconds
  Import took 0.037280 seconds .

========================================================================
Received Import Request.
  Time since last request: 167.865970 seconds.
  path: Assets/Main menu/Mouse hover.cs
  artifactKey: Guid(92b240a886103b64e9bf307f2fb15379) Importer(815301076,1909f56bfc062723c751e8b465ee728b)
Start importing Assets/Main menu/Mouse hover.cs using Guid(92b240a886103b64e9bf307f2fb15379) Importer(815301076,1909f56bfc062723c751e8b465ee728b)  -> (artifact id: '1bc3a5d607c4494571eb4e58967f7e5a') in 0.002547 seconds
  Import took 0.030548 seconds .

========================================================================
Received Prepare
Registering precompiled user dll's ...
Registered in 0.001494 seconds.
Begin MonoManager ReloadAssembly
Native extension for WindowsStandalone target not found
Refreshing native plugins compatible for Editor in 0.49 ms, found 0 plugins.
Preloading 0 native plugins for Editor in 0.00 ms.
Invoked RoslynAnalysisRunner static constructor.
RoslynAnalysisRunner will not be running.
RoslynAnalysisRunner has terminated.
Mono: successfully reloaded assembly
- Completed reload, in  0.989 seconds
Platform modules already initialized, skipping
Shader 'Universal Render Pipeline/Particles/Lit': fallback shader 'Universal Render Pipeline/Particles/SimpleLit' not found
Refreshing native plugins compatible for Editor in 0.49 ms, found 0 plugins.
Preloading 0 native plugins for Editor in 0.00 ms.
Unloading 2463 Unused Serialized files (Serialized files now loaded: 0)
System memory in use before: 118.0 MB.
System memory in use after: 118.2 MB.

Unloading 6 unused Assets to reduce memory usage. Loaded Objects now: 3107.
Total: 2.486200 ms (FindLiveObjects: 0.334600 ms CreateObjectMapping: 0.069400 ms MarkObjects: 2.059400 ms  DeleteObjects: 0.021400 ms)

========================================================================
Received Prepare
Registering precompiled user dll's ...
Registered in 0.001566 seconds.
Begin MonoManager ReloadAssembly
Native extension for WindowsStandalone target not found
Refreshing native plugins compatible for Editor in 0.47 ms, found 0 plugins.
Preloading 0 native plugins for Editor in 0.00 ms.
Invoked RoslynAnalysisRunner static constructor.
RoslynAnalysisRunner will not be running.
RoslynAnalysisRunner has terminated.
Mono: successfully reloaded assembly
- Completed reload, in  0.959 seconds
Platform modules already initialized, skipping
Shader 'Universal Render Pipeline/Particles/Lit': fallback shader 'Universal Render Pipeline/Particles/SimpleLit' not found
Refreshing native plugins compatible for Editor in 0.58 ms, found 0 plugins.
Preloading 0 native plugins for Editor in 0.00 ms.
Unloading 2463 Unused Serialized files (Serialized files now loaded: 0)
System memory in use before: 118.0 MB.
System memory in use after: 118.3 MB.

Unloading 6 unused Assets to reduce memory usage. Loaded Objects now: 3110.
Total: 2.873800 ms (FindLiveObjects: 0.373900 ms CreateObjectMapping: 0.086100 ms MarkObjects: 2.384600 ms  DeleteObjects: 0.027300 ms)

========================================================================
Received Import Request.
  Time since last request: 99.227254 seconds.
  path: Assets/Main menu/Mouse hover.cs
  artifactKey: Guid(92b240a886103b64e9bf307f2fb15379) Importer(815301076,1909f56bfc062723c751e8b465ee728b)
Start importing Assets/Main menu/Mouse hover.cs using Guid(92b240a886103b64e9bf307f2fb15379) Importer(815301076,1909f56bfc062723c751e8b465ee728b)  -> (artifact id: '9cb0a6e49c7f9e62630e81531e042298') in 0.006556 seconds
  Import took 0.027431 seconds .

========================================================================
Received Prepare
Registering precompiled user dll's ...
Registered in 0.001541 seconds.
Begin MonoManager ReloadAssembly
Native extension for WindowsStandalone target not found
Refreshing native plugins compatible for Editor in 0.49 ms, found 0 plugins.
Preloading 0 native plugins for Editor in 0.00 ms.
Invoked RoslynAnalysisRunner static constructor.
RoslynAnalysisRunner will not be running.
RoslynAnalysisRunner has terminated.
Mono: successfully reloaded assembly
- Completed reload, in  0.979 seconds
Platform modules already initialized, skipping
Shader 'Universal Render Pipeline/Particles/Lit': fallback shader 'Universal Render Pipeline/Particles/SimpleLit' not found
Refreshing native plugins compatible for Editor in 0.48 ms, found 0 plugins.
Preloading 0 native plugins for Editor in 0.00 ms.
Unloading 2463 Unused Serialized files (Serialized files now loaded: 0)
System memory in use before: 118.1 MB.
System memory in use after: 118.3 MB.

Unloading 6 unused Assets to reduce memory usage. Loaded Objects now: 3113.
Total: 2.311000 ms (FindLiveObjects: 0.296400 ms CreateObjectMapping: 0.064900 ms MarkObjects: 1.928000 ms  DeleteObjects: 0.019500 ms)

========================================================================
Received Import Request.
  Time since last request: 67.450320 seconds.
  path: Assets/Main menu/Mouse hover.cs
  artifactKey: Guid(92b240a886103b64e9bf307f2fb15379) Importer(815301076,1909f56bfc062723c751e8b465ee728b)
Start importing Assets/Main menu/Mouse hover.cs using Guid(92b240a886103b64e9bf307f2fb15379) Importer(815301076,1909f56bfc062723c751e8b465ee728b)  -> (artifact id: 'cc69db59f792ff6e89ca832236c9802b') in 0.005921 seconds
  Import took 0.030457 seconds .

========================================================================
Received Import Request.
  Time since last request: 1.640743 seconds.
  path: Assets/Main menu/Mouse hover.cs
  artifactKey: Guid(92b240a886103b64e9bf307f2fb15379) Importer(815301076,1909f56bfc062723c751e8b465ee728b)
Start importing Assets/Main menu/Mouse hover.cs using Guid(92b240a886103b64e9bf307f2fb15379) Importer(815301076,1909f56bfc062723c751e8b465ee728b)  -> (artifact id: 'cc69db59f792ff6e89ca832236c9802b') in 0.002729 seconds
  Import took 0.006714 seconds .

========================================================================
Received Import Request.
  Time since last request: 5.470434 seconds.
  path: Assets/Main menu/MouseHover.cs
  artifactKey: Guid(92b240a886103b64e9bf307f2fb15379) Importer(815301076,1909f56bfc062723c751e8b465ee728b)
Start importing Assets/Main menu/MouseHover.cs using Guid(92b240a886103b64e9bf307f2fb15379) Importer(815301076,1909f56bfc062723c751e8b465ee728b)  -> (artifact id: 'c63c07b7cd2231c78cadb2b0a4275eff') in 0.007394 seconds
  Import took 0.020053 seconds .

========================================================================
Received Import Request.
  Time since last request: 0.002224 seconds.
  path: Assets/Main menu/MouseHover.cs
  artifactKey: Guid(92b240a886103b64e9bf307f2fb15379) Importer(815301076,1909f56bfc062723c751e8b465ee728b)
Start importing Assets/Main menu/MouseHover.cs using Guid(92b240a886103b64e9bf307f2fb15379) Importer(815301076,1909f56bfc062723c751e8b465ee728b)  -> (artifact id: 'c63c07b7cd2231c78cadb2b0a4275eff') in 0.002502 seconds
  Import took 0.006685 seconds .

========================================================================
Received Prepare
Registering precompiled user dll's ...
Registered in 0.001588 seconds.
Begin MonoManager ReloadAssembly
Native extension for WindowsStandalone target not found
Refreshing native plugins compatible for Editor in 0.68 ms, found 0 plugins.
Preloading 0 native plugins for Editor in 0.00 ms.
Invoked RoslynAnalysisRunner static constructor.
RoslynAnalysisRunner will not be running.
RoslynAnalysisRunner has terminated.
Mono: successfully reloaded assembly
- Completed reload, in  1.019 seconds
Platform modules already initialized, skipping
Shader 'Universal Render Pipeline/Particles/Lit': fallback shader 'Universal Render Pipeline/Particles/SimpleLit' not found
Refreshing native plugins compatible for Editor in 0.52 ms, found 0 plugins.
Preloading 0 native plugins for Editor in 0.00 ms.
Unloading 2463 Unused Serialized files (Serialized files now loaded: 0)
System memory in use before: 118.1 MB.
System memory in use after: 118.3 MB.

Unloading 6 unused Assets to reduce memory usage. Loaded Objects now: 3116.
Total: 3.329600 ms (FindLiveObjects: 0.420600 ms CreateObjectMapping: 0.086400 ms MarkObjects: 2.796500 ms  DeleteObjects: 0.024800 ms)

========================================================================
Received Prepare
Registering precompiled user dll's ...
Registered in 0.001691 seconds.
Begin MonoManager ReloadAssembly
Native extension for WindowsStandalone target not found
Refreshing native plugins compatible for Editor in 0.48 ms, found 0 plugins.
Preloading 0 native plugins for Editor in 0.00 ms.
Invoked RoslynAnalysisRunner static constructor.
RoslynAnalysisRunner will not be running.
RoslynAnalysisRunner has terminated.
Mono: successfully reloaded assembly
- Completed reload, in  0.952 seconds
Platform modules already initialized, skipping
Shader 'Universal Render Pipeline/Particles/Lit': fallback shader 'Universal Render Pipeline/Particles/SimpleLit' not found
Refreshing native plugins compatible for Editor in 0.49 ms, found 0 plugins.
Preloading 0 native plugins for Editor in 0.00 ms.
Unloading 2463 Unused Serialized files (Serialized files now loaded: 0)
System memory in use before: 118.0 MB.
System memory in use after: 118.2 MB.

Unloading 6 unused Assets to reduce memory usage. Loaded Objects now: 3119.
Total: 2.435100 ms (FindLiveObjects: 0.280800 ms CreateObjectMapping: 0.070800 ms MarkObjects: 2.065300 ms  DeleteObjects: 0.016800 ms)

========================================================================
Received Import Request.
  Time since last request: 57.534718 seconds.
  path: Assets/Main menu/RawImage.prefab
  artifactKey: Guid(10fccb1ec7318b24bb694a8481edb8fd) Importer(815301076,1909f56bfc062723c751e8b465ee728b)
Start importing Assets/Main menu/RawImage.prefab using Guid(10fccb1ec7318b24bb694a8481edb8fd) Importer(815301076,1909f56bfc062723c751e8b465ee728b)  -> (artifact id: 'e0492538604fa67b92601788df4da7a8') in 0.040545 seconds
  Import took 0.051657 seconds .

========================================================================
Received Prepare
Registering precompiled user dll's ...
Registered in 0.001723 seconds.
Begin MonoManager ReloadAssembly
Native extension for WindowsStandalone target not found
Refreshing native plugins compatible for Editor in 0.49 ms, found 0 plugins.
Preloading 0 native plugins for Editor in 0.00 ms.
Invoked RoslynAnalysisRunner static constructor.
RoslynAnalysisRunner will not be running.
RoslynAnalysisRunner has terminated.
Mono: successfully reloaded assembly
- Completed reload, in  0.979 seconds
Platform modules already initialized, skipping
Shader 'Universal Render Pipeline/Particles/Lit': fallback shader 'Universal Render Pipeline/Particles/SimpleLit' not found
Refreshing native plugins compatible for Editor in 0.56 ms, found 0 plugins.
Preloading 0 native plugins for Editor in 0.00 ms.
Unloading 2463 Unused Serialized files (Serialized files now loaded: 0)
System memory in use before: 118.1 MB.
System memory in use after: 118.3 MB.

Unloading 6 unused Assets to reduce memory usage. Loaded Objects now: 3122.
Total: 2.876100 ms (FindLiveObjects: 0.342000 ms CreateObjectMapping: 0.070400 ms MarkObjects: 2.441600 ms  DeleteObjects: 0.021100 ms)

========================================================================
Received Import Request.
  Time since last request: 99.366263 seconds.
  path: Assets/Main menu/MouseHover.cs
  artifactKey: Guid(92b240a886103b64e9bf307f2fb15379) Importer(815301076,1909f56bfc062723c751e8b465ee728b)
Start importing Assets/Main menu/MouseHover.cs using Guid(92b240a886103b64e9bf307f2fb15379) Importer(815301076,1909f56bfc062723c751e8b465ee728b)  -> (artifact id: 'cbe5684c3dd93c72e854b585b7b43390') in 0.006239 seconds
  Import took 0.030633 seconds .

========================================================================
Received Prepare
Registering precompiled user dll's ...
Registered in 0.001599 seconds.
Begin MonoManager ReloadAssembly
Native extension for WindowsStandalone target not found
Refreshing native plugins compatible for Editor in 0.48 ms, found 0 plugins.
Preloading 0 native plugins for Editor in 0.00 ms.
Invoked RoslynAnalysisRunner static constructor.
RoslynAnalysisRunner will not be running.
RoslynAnalysisRunner has terminated.
Mono: successfully reloaded assembly
- Completed reload, in  0.970 seconds
Platform modules already initialized, skipping
Shader 'Universal Render Pipeline/Particles/Lit': fallback shader 'Universal Render Pipeline/Particles/SimpleLit' not found
Refreshing native plugins compatible for Editor in 0.48 ms, found 0 plugins.
Preloading 0 native plugins for Editor in 0.00 ms.
Unloading 2463 Unused Serialized files (Serialized files now loaded: 0)
System memory in use before: 118.1 MB.
System memory in use after: 118.4 MB.

Unloading 6 unused Assets to reduce memory usage. Loaded Objects now: 3125.
Total: 2.847000 ms (FindLiveObjects: 0.358200 ms CreateObjectMapping: 0.084100 ms MarkObjects: 2.380700 ms  DeleteObjects: 0.022600 ms)

========================================================================
Received Prepare
Registering precompiled user dll's ...
Registered in 0.001553 seconds.
Begin MonoManager ReloadAssembly
Native extension for WindowsStandalone target not found
Refreshing native plugins compatible for Editor in 0.50 ms, found 0 plugins.
Preloading 0 native plugins for Editor in 0.00 ms.
Invoked RoslynAnalysisRunner static constructor.
RoslynAnalysisRunner will not be running.
RoslynAnalysisRunner has terminated.
Mono: successfully reloaded assembly
- Completed reload, in  0.960 seconds
Platform modules already initialized, skipping
Shader 'Universal Render Pipeline/Particles/Lit': fallback shader 'Universal Render Pipeline/Particles/SimpleLit' not found
Refreshing native plugins compatible for Editor in 0.52 ms, found 0 plugins.
Preloading 0 native plugins for Editor in 0.00 ms.
Unloading 2463 Unused Serialized files (Serialized files now loaded: 0)
System memory in use before: 118.1 MB.
System memory in use after: 118.4 MB.

Unloading 6 unused Assets to reduce memory usage. Loaded Objects now: 3128.
Total: 3.554800 ms (FindLiveObjects: 1.011000 ms CreateObjectMapping: 0.147600 ms MarkObjects: 2.375300 ms  DeleteObjects: 0.019400 ms)

========================================================================
Received Prepare
Registering precompiled user dll's ...
Registered in 0.001532 seconds.
Begin MonoManager ReloadAssembly
Native extension for WindowsStandalone target not found
Refreshing native plugins compatible for Editor in 0.53 ms, found 0 plugins.
Preloading 0 native plugins for Editor in 0.00 ms.
Invoked RoslynAnalysisRunner static constructor.
RoslynAnalysisRunner will not be running.
RoslynAnalysisRunner has terminated.
Mono: successfully reloaded assembly
- Completed reload, in  0.972 seconds
Platform modules already initialized, skipping
Shader 'Universal Render Pipeline/Particles/Lit': fallback shader 'Universal Render Pipeline/Particles/SimpleLit' not found
Refreshing native plugins compatible for Editor in 0.48 ms, found 0 plugins.
Preloading 0 native plugins for Editor in 0.00 ms.
Unloading 2463 Unused Serialized files (Serialized files now loaded: 0)
System memory in use before: 118.2 MB.
System memory in use after: 118.4 MB.

Unloading 6 unused Assets to reduce memory usage. Loaded Objects now: 3131.
Total: 2.590900 ms (FindLiveObjects: 0.357300 ms CreateObjectMapping: 0.074100 ms MarkObjects: 2.139400 ms  DeleteObjects: 0.018600 ms)

========================================================================
Received Prepare
Registering precompiled user dll's ...
Registered in 0.001706 seconds.
Begin MonoManager ReloadAssembly
Native extension for WindowsStandalone target not found
Refreshing native plugins compatible for Editor in 0.71 ms, found 0 plugins.
Preloading 0 native plugins for Editor in 0.00 ms.
Invoked RoslynAnalysisRunner static constructor.
RoslynAnalysisRunner will not be running.
RoslynAnalysisRunner has terminated.
Mono: successfully reloaded assembly
- Completed reload, in  1.017 seconds
Platform modules already initialized, skipping
Shader 'Universal Render Pipeline/Particles/Lit': fallback shader 'Universal Render Pipeline/Particles/SimpleLit' not found
Refreshing native plugins compatible for Editor in 0.52 ms, found 0 plugins.
Preloading 0 native plugins for Editor in 0.00 ms.
Unloading 2463 Unused Serialized files (Serialized files now loaded: 0)
System memory in use before: 118.1 MB.
System memory in use after: 118.3 MB.

Unloading 6 unused Assets to reduce memory usage. Loaded Objects now: 3134.
Total: 3.574300 ms (FindLiveObjects: 0.756400 ms CreateObjectMapping: 0.187200 ms MarkObjects: 2.601700 ms  DeleteObjects: 0.027600 ms)

========================================================================
Received Import Request.
  Time since last request: 422.706647 seconds.
  path: Assets/Main menu/Very_Black_screen.jpg
  artifactKey: Guid(6b8a18328abdf9447adf106e7e1b2ca9) Importer(815301076,1909f56bfc062723c751e8b465ee728b)
Start importing Assets/Main menu/Very_Black_screen.jpg using Guid(6b8a18328abdf9447adf106e7e1b2ca9) Importer(815301076,1909f56bfc062723c751e8b465ee728b)  -> (artifact id: '37ca556a9fea166745d7880666d0b344') in 0.076180 seconds
  Import took 0.099581 seconds .

========================================================================
Received Prepare
Registering precompiled user dll's ...
Registered in 0.001585 seconds.
Begin MonoManager ReloadAssembly
Native extension for WindowsStandalone target not found
Refreshing native plugins compatible for Editor in 0.50 ms, found 0 plugins.
Preloading 0 native plugins for Editor in 0.00 ms.
Invoked RoslynAnalysisRunner static constructor.
RoslynAnalysisRunner will not be running.
RoslynAnalysisRunner has terminated.
Mono: successfully reloaded assembly
- Completed reload, in  0.996 seconds
Platform modules already initialized, skipping
Shader 'Universal Render Pipeline/Particles/Lit': fallback shader 'Universal Render Pipeline/Particles/SimpleLit' not found
Refreshing native plugins compatible for Editor in 0.69 ms, found 0 plugins.
Preloading 0 native plugins for Editor in 0.00 ms.
Unloading 2463 Unused Serialized files (Serialized files now loaded: 0)
System memory in use before: 118.2 MB.
System memory in use after: 118.4 MB.

Unloading 6 unused Assets to reduce memory usage. Loaded Objects now: 3137.
Total: 2.762300 ms (FindLiveObjects: 0.413300 ms CreateObjectMapping: 0.082100 ms MarkObjects: 2.242300 ms  DeleteObjects: 0.023600 ms)

========================================================================
Received Prepare
Registering precompiled user dll's ...
Registered in 0.001570 seconds.
Begin MonoManager ReloadAssembly
Native extension for WindowsStandalone target not found
Refreshing native plugins compatible for Editor in 0.48 ms, found 0 plugins.
Preloading 0 native plugins for Editor in 0.00 ms.
Invoked RoslynAnalysisRunner static constructor.
RoslynAnalysisRunner will not be running.
RoslynAnalysisRunner has terminated.
Mono: successfully reloaded assembly
- Completed reload, in  0.960 seconds
Platform modules already initialized, skipping
Shader 'Universal Render Pipeline/Particles/Lit': fallback shader 'Universal Render Pipeline/Particles/SimpleLit' not found
Refreshing native plugins compatible for Editor in 0.53 ms, found 0 plugins.
Preloading 0 native plugins for Editor in 0.00 ms.
Unloading 2463 Unused Serialized files (Serialized files now loaded: 0)
System memory in use before: 118.2 MB.
System memory in use after: 118.4 MB.

Unloading 6 unused Assets to reduce memory usage. Loaded Objects now: 3140.
Total: 2.721400 ms (FindLiveObjects: 0.346400 ms CreateObjectMapping: 0.067100 ms MarkObjects: 2.287700 ms  DeleteObjects: 0.018500 ms)

========================================================================
Received Prepare
Registering precompiled user dll's ...
Registered in 0.001646 seconds.
Begin MonoManager ReloadAssembly
Native extension for WindowsStandalone target not found
Refreshing native plugins compatible for Editor in 0.48 ms, found 0 plugins.
Preloading 0 native plugins for Editor in 0.00 ms.
Invoked RoslynAnalysisRunner static constructor.
RoslynAnalysisRunner will not be running.
RoslynAnalysisRunner has terminated.
Mono: successfully reloaded assembly
- Completed reload, in  0.973 seconds
Platform modules already initialized, skipping
Shader 'Universal Render Pipeline/Particles/Lit': fallback shader 'Universal Render Pipeline/Particles/SimpleLit' not found
Refreshing native plugins compatible for Editor in 0.51 ms, found 0 plugins.
Preloading 0 native plugins for Editor in 0.00 ms.
Unloading 2463 Unused Serialized files (Serialized files now loaded: 0)
System memory in use before: 118.2 MB.
System memory in use after: 118.4 MB.

Unloading 6 unused Assets to reduce memory usage. Loaded Objects now: 3143.
Total: 3.013100 ms (FindLiveObjects: 0.486100 ms CreateObjectMapping: 0.122800 ms MarkObjects: 2.380700 ms  DeleteObjects: 0.021600 ms)

========================================================================
Received Prepare
Registering precompiled user dll's ...
Registered in 0.001940 seconds.
Begin MonoManager ReloadAssembly
Native extension for WindowsStandalone target not found
Refreshing native plugins compatible for Editor in 0.97 ms, found 0 plugins.
Preloading 0 native plugins for Editor in 0.00 ms.
Invoked RoslynAnalysisRunner static constructor.
RoslynAnalysisRunner will not be running.
RoslynAnalysisRunner has terminated.
Mono: successfully reloaded assembly
- Completed reload, in  1.032 seconds
Platform modules already initialized, skipping
Shader 'Universal Render Pipeline/Particles/Lit': fallback shader 'Universal Render Pipeline/Particles/SimpleLit' not found
Refreshing native plugins compatible for Editor in 0.54 ms, found 0 plugins.
Preloading 0 native plugins for Editor in 0.00 ms.
Unloading 2463 Unused Serialized files (Serialized files now loaded: 0)
System memory in use before: 118.2 MB.
System memory in use after: 118.4 MB.

Unloading 6 unused Assets to reduce memory usage. Loaded Objects now: 3146.
Total: 2.793900 ms (FindLiveObjects: 0.341500 ms CreateObjectMapping: 0.069200 ms MarkObjects: 2.351000 ms  DeleteObjects: 0.030700 ms)

========================================================================
Received Import Request.
  Time since last request: 714.275221 seconds.
  path: Assets/Main menu/lineeeeeeee 1.png
  artifactKey: Guid(e9a7e6db6ed05be4f86096ce0c324d12) Importer(815301076,1909f56bfc062723c751e8b465ee728b)
Start importing Assets/Main menu/lineeeeeeee 1.png using Guid(e9a7e6db6ed05be4f86096ce0c324d12) Importer(815301076,1909f56bfc062723c751e8b465ee728b)  -> (artifact id: 'b48c05c78cad0d8e4cbc54710fd72aef') in 0.050689 seconds
  Import took 0.059252 seconds .

========================================================================
Received Import Request.
  Time since last request: 358.793917 seconds.
  path: Assets/Main menu/MouseHover.cs
  artifactKey: Guid(92b240a886103b64e9bf307f2fb15379) Importer(815301076,1909f56bfc062723c751e8b465ee728b)
Start importing Assets/Main menu/MouseHover.cs using Guid(92b240a886103b64e9bf307f2fb15379) Importer(815301076,1909f56bfc062723c751e8b465ee728b)  -> (artifact id: 'bb13907875638d079f30b47b3fbdeef6') in 0.002580 seconds
  Import took 0.015039 seconds .

========================================================================
Received Prepare
Registering precompiled user dll's ...
Registered in 0.001549 seconds.
Begin MonoManager ReloadAssembly
Native extension for WindowsStandalone target not found
Refreshing native plugins compatible for Editor in 1.01 ms, found 0 plugins.
Preloading 0 native plugins for Editor in 0.00 ms.
Invoked RoslynAnalysisRunner static constructor.
RoslynAnalysisRunner will not be running.
RoslynAnalysisRunner has terminated.
Mono: successfully reloaded assembly
- Completed reload, in  0.976 seconds
Platform modules already initialized, skipping
Shader 'Universal Render Pipeline/Particles/Lit': fallback shader 'Universal Render Pipeline/Particles/SimpleLit' not found
Refreshing native plugins compatible for Editor in 0.50 ms, found 0 plugins.
Preloading 0 native plugins for Editor in 0.00 ms.
Unloading 2463 Unused Serialized files (Serialized files now loaded: 0)
System memory in use before: 118.1 MB.
System memory in use after: 118.3 MB.

Unloading 6 unused Assets to reduce memory usage. Loaded Objects now: 3150.
Total: 3.126800 ms (FindLiveObjects: 0.423700 ms CreateObjectMapping: 0.083500 ms MarkObjects: 2.591800 ms  DeleteObjects: 0.026300 ms)

========================================================================
Received Prepare
Registering precompiled user dll's ...
Registered in 0.001491 seconds.
Begin MonoManager ReloadAssembly
Native extension for WindowsStandalone target not found
Refreshing native plugins compatible for Editor in 0.50 ms, found 0 plugins.
Preloading 0 native plugins for Editor in 0.00 ms.
Invoked RoslynAnalysisRunner static constructor.
RoslynAnalysisRunner will not be running.
RoslynAnalysisRunner has terminated.
Mono: successfully reloaded assembly
- Completed reload, in  0.956 seconds
Platform modules already initialized, skipping
Shader 'Universal Render Pipeline/Particles/Lit': fallback shader 'Universal Render Pipeline/Particles/SimpleLit' not found
Refreshing native plugins compatible for Editor in 0.68 ms, found 0 plugins.
Preloading 0 native plugins for Editor in 0.00 ms.
Unloading 2463 Unused Serialized files (Serialized files now loaded: 0)
System memory in use before: 118.2 MB.
System memory in use after: 118.4 MB.

Unloading 6 unused Assets to reduce memory usage. Loaded Objects now: 3153.
Total: 2.875000 ms (FindLiveObjects: 0.334400 ms CreateObjectMapping: 0.071900 ms MarkObjects: 2.440900 ms  DeleteObjects: 0.026300 ms)

========================================================================
Received Import Request.
  Time since last request: 72.739443 seconds.
  path: Assets/Main menu/MouseHover.cs
  artifactKey: Guid(92b240a886103b64e9bf307f2fb15379) Importer(815301076,1909f56bfc062723c751e8b465ee728b)
Start importing Assets/Main menu/MouseHover.cs using Guid(92b240a886103b64e9bf307f2fb15379) Importer(815301076,1909f56bfc062723c751e8b465ee728b)  -> (artifact id: '15fe56cd29d0e1566414751a92695e3c') in 0.005969 seconds
  Import took 0.030174 seconds .

========================================================================
Received Prepare
Registering precompiled user dll's ...
Registered in 0.001717 seconds.
Begin MonoManager ReloadAssembly
Native extension for WindowsStandalone target not found
Refreshing native plugins compatible for Editor in 0.50 ms, found 0 plugins.
Preloading 0 native plugins for Editor in 0.00 ms.
Invoked RoslynAnalysisRunner static constructor.
RoslynAnalysisRunner will not be running.
RoslynAnalysisRunner has terminated.
Mono: successfully reloaded assembly
- Completed reload, in  0.943 seconds
Platform modules already initialized, skipping
Shader 'Universal Render Pipeline/Particles/Lit': fallback shader 'Universal Render Pipeline/Particles/SimpleLit' not found
Refreshing native plugins compatible for Editor in 0.50 ms, found 0 plugins.
Preloading 0 native plugins for Editor in 0.00 ms.
Unloading 2463 Unused Serialized files (Serialized files now loaded: 0)
System memory in use before: 118.2 MB.
System memory in use after: 118.4 MB.

Unloading 6 unused Assets to reduce memory usage. Loaded Objects now: 3156.
Total: 2.528200 ms (FindLiveObjects: 0.335300 ms CreateObjectMapping: 0.066300 ms MarkObjects: 2.107300 ms  DeleteObjects: 0.017200 ms)

========================================================================
Received Prepare
Registering precompiled user dll's ...
Registered in 0.001769 seconds.
Begin MonoManager ReloadAssembly
Native extension for WindowsStandalone target not found
Refreshing native plugins compatible for Editor in 0.47 ms, found 0 plugins.
Preloading 0 native plugins for Editor in 0.00 ms.
Invoked RoslynAnalysisRunner static constructor.
RoslynAnalysisRunner will not be running.
RoslynAnalysisRunner has terminated.
Mono: successfully reloaded assembly
- Completed reload, in  0.958 seconds
Platform modules already initialized, skipping
Shader 'Universal Render Pipeline/Particles/Lit': fallback shader 'Universal Render Pipeline/Particles/SimpleLit' not found
Refreshing native plugins compatible for Editor in 0.50 ms, found 0 plugins.
Preloading 0 native plugins for Editor in 0.00 ms.
Unloading 2463 Unused Serialized files (Serialized files now loaded: 0)
System memory in use before: 118.2 MB.
System memory in use after: 118.5 MB.

Unloading 6 unused Assets to reduce memory usage. Loaded Objects now: 3159.
Total: 3.441000 ms (FindLiveObjects: 0.421600 ms CreateObjectMapping: 0.076800 ms MarkObjects: 2.904000 ms  DeleteObjects: 0.036000 ms)

========================================================================
Received Prepare
Registering precompiled user dll's ...
Registered in 0.001776 seconds.
Begin MonoManager ReloadAssembly
Native extension for WindowsStandalone target not found
Refreshing native plugins compatible for Editor in 0.72 ms, found 0 plugins.
Preloading 0 native plugins for Editor in 0.00 ms.
Invoked RoslynAnalysisRunner static constructor.
RoslynAnalysisRunner will not be running.
RoslynAnalysisRunner has terminated.
Mono: successfully reloaded assembly
- Completed reload, in  0.983 seconds
Platform modules already initialized, skipping
Shader 'Universal Render Pipeline/Particles/Lit': fallback shader 'Universal Render Pipeline/Particles/SimpleLit' not found
Refreshing native plugins compatible for Editor in 0.48 ms, found 0 plugins.
Preloading 0 native plugins for Editor in 0.00 ms.
Unloading 2463 Unused Serialized files (Serialized files now loaded: 0)
System memory in use before: 118.2 MB.
System memory in use after: 118.5 MB.

Unloading 6 unused Assets to reduce memory usage. Loaded Objects now: 3162.
Total: 2.504400 ms (FindLiveObjects: 0.322700 ms CreateObjectMapping: 0.064300 ms MarkObjects: 2.092200 ms  DeleteObjects: 0.024200 ms)

========================================================================
Received Prepare
Registering precompiled user dll's ...
Registered in 0.001727 seconds.
Begin MonoManager ReloadAssembly
Native extension for WindowsStandalone target not found
Refreshing native plugins compatible for Editor in 0.48 ms, found 0 plugins.
Preloading 0 native plugins for Editor in 0.00 ms.
Invoked RoslynAnalysisRunner static constructor.
RoslynAnalysisRunner will not be running.
RoslynAnalysisRunner has terminated.
Mono: successfully reloaded assembly
- Completed reload, in  0.951 seconds
Platform modules already initialized, skipping
Shader 'Universal Render Pipeline/Particles/Lit': fallback shader 'Universal Render Pipeline/Particles/SimpleLit' not found
Refreshing native plugins compatible for Editor in 0.49 ms, found 0 plugins.
Preloading 0 native plugins for Editor in 0.00 ms.
Unloading 2463 Unused Serialized files (Serialized files now loaded: 0)
System memory in use before: 118.2 MB.
System memory in use after: 118.4 MB.

Unloading 6 unused Assets to reduce memory usage. Loaded Objects now: 3165.
Total: 2.358600 ms (FindLiveObjects: 0.350500 ms CreateObjectMapping: 0.069600 ms MarkObjects: 1.915300 ms  DeleteObjects: 0.021500 ms)

========================================================================
Received Import Request.
  Time since last request: 1031.494060 seconds.
  path: Assets/Main menu/MouseHover.cs
  artifactKey: Guid(92b240a886103b64e9bf307f2fb15379) Importer(815301076,1909f56bfc062723c751e8b465ee728b)
Start importing Assets/Main menu/MouseHover.cs using Guid(92b240a886103b64e9bf307f2fb15379) Importer(815301076,1909f56bfc062723c751e8b465ee728b)  -> (artifact id: 'd6296f35f208f7703d366a75b728b157') in 0.005861 seconds
  Import took 0.020955 seconds .

========================================================================
Received Import Request.
  Time since last request: 1.697455 seconds.
  path: Assets/Main menu/MouseHover.cs
  artifactKey: Guid(92b240a886103b64e9bf307f2fb15379) Importer(815301076,1909f56bfc062723c751e8b465ee728b)
Start importing Assets/Main menu/MouseHover.cs using Guid(92b240a886103b64e9bf307f2fb15379) Importer(815301076,1909f56bfc062723c751e8b465ee728b)  -> (artifact id: 'd6296f35f208f7703d366a75b728b157') in 0.002102 seconds
  Import took 0.005920 seconds .

========================================================================
Received Prepare
Registering precompiled user dll's ...
Registered in 0.001589 seconds.
Begin MonoManager ReloadAssembly
Native extension for WindowsStandalone target not found
Refreshing native plugins compatible for Editor in 0.51 ms, found 0 plugins.
Preloading 0 native plugins for Editor in 0.00 ms.
Invoked RoslynAnalysisRunner static constructor.
RoslynAnalysisRunner will not be running.
RoslynAnalysisRunner has terminated.
Mono: successfully reloaded assembly
- Completed reload, in  0.975 seconds
Platform modules already initialized, skipping
Shader 'Universal Render Pipeline/Particles/Lit': fallback shader 'Universal Render Pipeline/Particles/SimpleLit' not found
Refreshing native plugins compatible for Editor in 0.51 ms, found 0 plugins.
Preloading 0 native plugins for Editor in 0.00 ms.
Unloading 2463 Unused Serialized files (Serialized files now loaded: 0)
System memory in use before: 118.3 MB.
System memory in use after: 118.5 MB.

Unloading 6 unused Assets to reduce memory usage. Loaded Objects now: 3168.
Total: 2.324200 ms (FindLiveObjects: 0.348200 ms CreateObjectMapping: 0.064900 ms MarkObjects: 1.891000 ms  DeleteObjects: 0.019200 ms)

========================================================================
Received Prepare
Registering precompiled user dll's ...
Registered in 0.001576 seconds.
Begin MonoManager ReloadAssembly
Native extension for WindowsStandalone target not found
Refreshing native plugins compatible for Editor in 0.61 ms, found 0 plugins.
Preloading 0 native plugins for Editor in 0.00 ms.
Invoked RoslynAnalysisRunner static constructor.
RoslynAnalysisRunner will not be running.
RoslynAnalysisRunner has terminated.
Mono: successfully reloaded assembly
- Completed reload, in  0.963 seconds
Platform modules already initialized, skipping
Shader 'Universal Render Pipeline/Particles/Lit': fallback shader 'Universal Render Pipeline/Particles/SimpleLit' not found
Refreshing native plugins compatible for Editor in 0.67 ms, found 0 plugins.
Preloading 0 native plugins for Editor in 0.00 ms.
Unloading 2463 Unused Serialized files (Serialized files now loaded: 0)
System memory in use before: 118.3 MB.
System memory in use after: 118.5 MB.

Unloading 6 unused Assets to reduce memory usage. Loaded Objects now: 3171.
Total: 2.654500 ms (FindLiveObjects: 0.393200 ms CreateObjectMapping: 0.083000 ms MarkObjects: 2.153600 ms  DeleteObjects: 0.023700 ms)

========================================================================
Received Import Request.
  Time since last request: 132.207748 seconds.
  path: Assets/Main menu/MouseHover.cs
  artifactKey: Guid(92b240a886103b64e9bf307f2fb15379) Importer(815301076,1909f56bfc062723c751e8b465ee728b)
Start importing Assets/Main menu/MouseHover.cs using Guid(92b240a886103b64e9bf307f2fb15379) Importer(815301076,1909f56bfc062723c751e8b465ee728b)  -> (artifact id: '0092ba41e8fff3600f0612fdebfa7360') in 0.005922 seconds
  Import took 0.010315 seconds .

========================================================================
Received Import Request.
  Time since last request: 0.002057 seconds.
  path: Assets/Main menu/MouseHover.cs
  artifactKey: Guid(92b240a886103b64e9bf307f2fb15379) Importer(815301076,1909f56bfc062723c751e8b465ee728b)
Start importing Assets/Main menu/MouseHover.cs using Guid(92b240a886103b64e9bf307f2fb15379) Importer(815301076,1909f56bfc062723c751e8b465ee728b)  -> (artifact id: '0092ba41e8fff3600f0612fdebfa7360') in 0.002687 seconds
  Import took 0.007228 seconds .

========================================================================
Received Prepare
Registering precompiled user dll's ...
Registered in 0.001573 seconds.
Begin MonoManager ReloadAssembly
Native extension for WindowsStandalone target not found
Refreshing native plugins compatible for Editor in 0.48 ms, found 0 plugins.
Preloading 0 native plugins for Editor in 0.00 ms.
Invoked RoslynAnalysisRunner static constructor.
RoslynAnalysisRunner will not be running.
RoslynAnalysisRunner has terminated.
Mono: successfully reloaded assembly
- Completed reload, in  0.958 seconds
Platform modules already initialized, skipping
Shader 'Universal Render Pipeline/Particles/Lit': fallback shader 'Universal Render Pipeline/Particles/SimpleLit' not found
Refreshing native plugins compatible for Editor in 0.51 ms, found 0 plugins.
Preloading 0 native plugins for Editor in 0.00 ms.
Unloading 2463 Unused Serialized files (Serialized files now loaded: 0)
System memory in use before: 118.3 MB.
System memory in use after: 118.5 MB.

Unloading 6 unused Assets to reduce memory usage. Loaded Objects now: 3174.
Total: 2.573300 ms (FindLiveObjects: 0.344800 ms CreateObjectMapping: 0.069000 ms MarkObjects: 2.135400 ms  DeleteObjects: 0.022400 ms)

========================================================================
Received Import Request.
  Time since last request: 247.602196 seconds.
  path: Assets/Main menu/MouseHover.cs
  artifactKey: Guid(92b240a886103b64e9bf307f2fb15379) Importer(815301076,1909f56bfc062723c751e8b465ee728b)
Start importing Assets/Main menu/MouseHover.cs using Guid(92b240a886103b64e9bf307f2fb15379) Importer(815301076,1909f56bfc062723c751e8b465ee728b)  -> (artifact id: '2cbf88632554bd78c6df226ba0529115') in 0.007863 seconds
  Import took 0.040012 seconds .

========================================================================
Received Prepare
Registering precompiled user dll's ...
Registered in 0.001623 seconds.
Begin MonoManager ReloadAssembly
Native extension for WindowsStandalone target not found
Refreshing native plugins compatible for Editor in 0.53 ms, found 0 plugins.
Preloading 0 native plugins for Editor in 0.00 ms.
Invoked RoslynAnalysisRunner static constructor.
RoslynAnalysisRunner will not be running.
RoslynAnalysisRunner has terminated.
Mono: successfully reloaded assembly
- Completed reload, in  0.985 seconds
Platform modules already initialized, skipping
Shader 'Universal Render Pipeline/Particles/Lit': fallback shader 'Universal Render Pipeline/Particles/SimpleLit' not found
Refreshing native plugins compatible for Editor in 0.49 ms, found 0 plugins.
Preloading 0 native plugins for Editor in 0.00 ms.
Unloading 2463 Unused Serialized files (Serialized files now loaded: 0)
System memory in use before: 118.3 MB.
System memory in use after: 118.5 MB.

Unloading 6 unused Assets to reduce memory usage. Loaded Objects now: 3177.
Total: 2.658000 ms (FindLiveObjects: 0.375800 ms CreateObjectMapping: 0.064100 ms MarkObjects: 2.196900 ms  DeleteObjects: 0.020200 ms)

========================================================================
Received Import Request.
  Time since last request: 58.935750 seconds.
  path: Assets/Main menu/MouseHover.cs
  artifactKey: Guid(92b240a886103b64e9bf307f2fb15379) Importer(815301076,1909f56bfc062723c751e8b465ee728b)
Start importing Assets/Main menu/MouseHover.cs using Guid(92b240a886103b64e9bf307f2fb15379) Importer(815301076,1909f56bfc062723c751e8b465ee728b)  -> (artifact id: 'f1838e24bb2bd0529c4beee345d45a93') in 0.006203 seconds
  Import took 0.025025 seconds .

========================================================================
Received Prepare
Registering precompiled user dll's ...
Registered in 0.001880 seconds.
Begin MonoManager ReloadAssembly
Native extension for WindowsStandalone target not found
Refreshing native plugins compatible for Editor in 0.47 ms, found 0 plugins.
Preloading 0 native plugins for Editor in 0.00 ms.
Invoked RoslynAnalysisRunner static constructor.
RoslynAnalysisRunner will not be running.
RoslynAnalysisRunner has terminated.
Mono: successfully reloaded assembly
- Completed reload, in  0.930 seconds
Platform modules already initialized, skipping
Shader 'Universal Render Pipeline/Particles/Lit': fallback shader 'Universal Render Pipeline/Particles/SimpleLit' not found
Refreshing native plugins compatible for Editor in 0.49 ms, found 0 plugins.
Preloading 0 native plugins for Editor in 0.00 ms.
Unloading 2463 Unused Serialized files (Serialized files now loaded: 0)
System memory in use before: 118.3 MB.
System memory in use after: 118.5 MB.

Unloading 6 unused Assets to reduce memory usage. Loaded Objects now: 3180.
Total: 2.685300 ms (FindLiveObjects: 0.474100 ms CreateObjectMapping: 0.091800 ms MarkObjects: 2.099200 ms  DeleteObjects: 0.018600 ms)

========================================================================
Received Prepare
Registering precompiled user dll's ...
Registered in 0.001763 seconds.
Begin MonoManager ReloadAssembly
Native extension for WindowsStandalone target not found
Refreshing native plugins compatible for Editor in 0.47 ms, found 0 plugins.
Preloading 0 native plugins for Editor in 0.00 ms.
Invoked RoslynAnalysisRunner static constructor.
RoslynAnalysisRunner will not be running.
RoslynAnalysisRunner has terminated.
Mono: successfully reloaded assembly
- Completed reload, in  0.974 seconds
Platform modules already initialized, skipping
Shader 'Universal Render Pipeline/Particles/Lit': fallback shader 'Universal Render Pipeline/Particles/SimpleLit' not found
Refreshing native plugins compatible for Editor in 0.52 ms, found 0 plugins.
Preloading 0 native plugins for Editor in 0.00 ms.
Unloading 2463 Unused Serialized files (Serialized files now loaded: 0)
System memory in use before: 118.3 MB.
System memory in use after: 118.5 MB.

Unloading 6 unused Assets to reduce memory usage. Loaded Objects now: 3183.
Total: 3.146500 ms (FindLiveObjects: 0.639400 ms CreateObjectMapping: 0.199100 ms MarkObjects: 2.285400 ms  DeleteObjects: 0.021300 ms)

========================================================================
Received Prepare
Registering precompiled user dll's ...
Registered in 0.001549 seconds.
Begin MonoManager ReloadAssembly
Native extension for WindowsStandalone target not found
Refreshing native plugins compatible for Editor in 0.56 ms, found 0 plugins.
Preloading 0 native plugins for Editor in 0.00 ms.
Invoked RoslynAnalysisRunner static constructor.
RoslynAnalysisRunner will not be running.
RoslynAnalysisRunner has terminated.
Mono: successfully reloaded assembly
- Completed reload, in  0.940 seconds
Platform modules already initialized, skipping
Shader 'Universal Render Pipeline/Particles/Lit': fallback shader 'Universal Render Pipeline/Particles/SimpleLit' not found
Refreshing native plugins compatible for Editor in 0.48 ms, found 0 plugins.
Preloading 0 native plugins for Editor in 0.00 ms.
Unloading 2463 Unused Serialized files (Serialized files now loaded: 0)
System memory in use before: 118.3 MB.
System memory in use after: 118.5 MB.

Unloading 6 unused Assets to reduce memory usage. Loaded Objects now: 3186.
Total: 2.459600 ms (FindLiveObjects: 0.322900 ms CreateObjectMapping: 0.070600 ms MarkObjects: 2.046900 ms  DeleteObjects: 0.018100 ms)

========================================================================
Received Prepare
Registering precompiled user dll's ...
Registered in 0.001661 seconds.
Begin MonoManager ReloadAssembly
Native extension for WindowsStandalone target not found
Refreshing native plugins compatible for Editor in 0.49 ms, found 0 plugins.
Preloading 0 native plugins for Editor in 0.00 ms.
Invoked RoslynAnalysisRunner static constructor.
RoslynAnalysisRunner will not be running.
RoslynAnalysisRunner has terminated.
Mono: successfully reloaded assembly
- Completed reload, in  0.960 seconds
Platform modules already initialized, skipping
Shader 'Universal Render Pipeline/Particles/Lit': fallback shader 'Universal Render Pipeline/Particles/SimpleLit' not found
Refreshing native plugins compatible for Editor in 0.51 ms, found 0 plugins.
Preloading 0 native plugins for Editor in 0.00 ms.
Unloading 2463 Unused Serialized files (Serialized files now loaded: 0)
System memory in use before: 118.2 MB.
System memory in use after: 118.4 MB.

Unloading 6 unused Assets to reduce memory usage. Loaded Objects now: 3189.
Total: 3.048500 ms (FindLiveObjects: 0.441800 ms CreateObjectMapping: 0.077200 ms MarkObjects: 2.498400 ms  DeleteObjects: 0.029600 ms)

========================================================================
Received Prepare
Registering precompiled user dll's ...
Registered in 0.001570 seconds.
Begin MonoManager ReloadAssembly
Native extension for WindowsStandalone target not found
Refreshing native plugins compatible for Editor in 0.51 ms, found 0 plugins.
Preloading 0 native plugins for Editor in 0.00 ms.
Invoked RoslynAnalysisRunner static constructor.
RoslynAnalysisRunner will not be running.
RoslynAnalysisRunner has terminated.
Mono: successfully reloaded assembly
- Completed reload, in  0.971 seconds
Platform modules already initialized, skipping
Shader 'Universal Render Pipeline/Particles/Lit': fallback shader 'Universal Render Pipeline/Particles/SimpleLit' not found
Refreshing native plugins compatible for Editor in 0.52 ms, found 0 plugins.
Preloading 0 native plugins for Editor in 0.00 ms.
Unloading 2463 Unused Serialized files (Serialized files now loaded: 0)
System memory in use before: 118.3 MB.
System memory in use after: 118.6 MB.

Unloading 6 unused Assets to reduce memory usage. Loaded Objects now: 3192.
Total: 2.582300 ms (FindLiveObjects: 0.460100 ms CreateObjectMapping: 0.073300 ms MarkObjects: 2.031100 ms  DeleteObjects: 0.016900 ms)

========================================================================
Received Prepare
Registering precompiled user dll's ...
Registered in 0.001591 seconds.
Begin MonoManager ReloadAssembly
Native extension for WindowsStandalone target not found
Refreshing native plugins compatible for Editor in 0.48 ms, found 0 plugins.
Preloading 0 native plugins for Editor in 0.00 ms.
Invoked RoslynAnalysisRunner static constructor.
RoslynAnalysisRunner will not be running.
RoslynAnalysisRunner has terminated.
Mono: successfully reloaded assembly
- Completed reload, in  0.952 seconds
Platform modules already initialized, skipping
Shader 'Universal Render Pipeline/Particles/Lit': fallback shader 'Universal Render Pipeline/Particles/SimpleLit' not found
Refreshing native plugins compatible for Editor in 0.67 ms, found 0 plugins.
Preloading 0 native plugins for Editor in 0.00 ms.
Unloading 2463 Unused Serialized files (Serialized files now loaded: 0)
System memory in use before: 118.3 MB.
System memory in use after: 118.6 MB.

Unloading 6 unused Assets to reduce memory usage. Loaded Objects now: 3195.
Total: 2.348500 ms (FindLiveObjects: 0.333700 ms CreateObjectMapping: 0.066800 ms MarkObjects: 1.919800 ms  DeleteObjects: 0.027200 ms)

========================================================================
Received Prepare
Registering precompiled user dll's ...
Registered in 0.001513 seconds.
Begin MonoManager ReloadAssembly
Native extension for WindowsStandalone target not found
Refreshing native plugins compatible for Editor in 0.52 ms, found 0 plugins.
Preloading 0 native plugins for Editor in 0.00 ms.
Invoked RoslynAnalysisRunner static constructor.
RoslynAnalysisRunner will not be running.
RoslynAnalysisRunner has terminated.
Mono: successfully reloaded assembly
- Completed reload, in  0.980 seconds
Platform modules already initialized, skipping
Shader 'Universal Render Pipeline/Particles/Lit': fallback shader 'Universal Render Pipeline/Particles/SimpleLit' not found
Refreshing native plugins compatible for Editor in 0.95 ms, found 0 plugins.
Preloading 0 native plugins for Editor in 0.00 ms.
Unloading 2463 Unused Serialized files (Serialized files now loaded: 0)
System memory in use before: 118.3 MB.
System memory in use after: 118.6 MB.

Unloading 6 unused Assets to reduce memory usage. Loaded Objects now: 3198.
Total: 2.884600 ms (FindLiveObjects: 0.366900 ms CreateObjectMapping: 0.065400 ms MarkObjects: 2.429500 ms  DeleteObjects: 0.021500 ms)

